2019-11-26 05:39:46.135 [main] INFO 
				c.s.disney.transition.TransitionApp - clipbought第1次执行循环转换,本次循环1条数据
2019-11-26 05:39:46.199 [main] INFO 
				c.s.disney.transition.TransitionApp - 开始处理:3897AA3C833C4158B0F208F2ED125351
2019-11-26 05:39:46.409 [main] INFO 
				c.s.disney.transition.TransitionApp - 处理完成:3897AA3C833C4158B0F208F2ED125351
2019-11-26 05:39:46.410 [main] INFO 
				c.s.disney.transition.TransitionApp - clipbought数据转换成功，一共转换数据1条.
2019-11-26 05:40:57.504 [main] INFO 
				c.s.disney.transition.TransitionApp - clipbought第1次执行循环转换,本次循环1条数据
2019-11-26 05:40:57.553 [main] INFO 
				c.s.disney.transition.TransitionApp - 开始处理:3897AA3C833C4158B0F208F2ED125351
2019-11-26 05:43:53.483 [main] INFO 
				c.s.disney.transition.TransitionApp - clipbought第1次执行循环转换,本次循环1条数据
2019-11-26 05:43:53.539 [main] INFO 
				c.s.disney.transition.TransitionApp - 开始处理:3897AA3C833C4158B0F208F2ED125351
2019-11-26 05:43:53.763 [main] INFO 
				c.s.disney.transition.TransitionApp - 处理完成:3897AA3C833C4158B0F208F2ED125351
2019-11-26 05:43:53.764 [main] INFO 
				c.s.disney.transition.TransitionApp - clipbought数据转换成功，一共转换数据1条.
2019-11-26 07:20:01.964 [main] INFO 
				c.s.disney.transition.TransitionApp - clipbought第1次执行循环转换,本次循环1条数据
2019-11-26 07:20:02.015 [main] INFO 
				c.s.disney.transition.TransitionApp - 开始处理:FFFA782BD1CB4489A73B590CA65D24DC
2019-11-26 07:20:34.247 [main] INFO 
				c.s.disney.transition.TransitionApp - clipbought第1次执行循环转换,本次循环1条数据
2019-11-26 07:20:34.305 [main] INFO 
				c.s.disney.transition.TransitionApp - 开始处理:FFFA782BD1CB4489A73B590CA65D24DC
2019-11-26 07:22:26.302 [main] INFO 
				c.s.disney.transition.TransitionApp - clipbought第1次执行循环转换,本次循环1条数据
2019-11-26 07:22:26.355 [main] INFO 
				c.s.disney.transition.TransitionApp - 开始处理:FFFA782BD1CB4489A73B590CA65D24DC
2019-11-26 07:28:01.049 [main] INFO 
				c.s.disney.transition.TransitionApp - clipbought第1次执行循环转换,本次循环1条数据
2019-11-26 07:28:01.111 [main] INFO 
				c.s.disney.transition.TransitionApp - 开始处理:FFFA782BD1CB4489A73B590CA65D24DC
2019-11-26 07:28:01.329 [main] INFO 
				c.s.disney.transition.TransitionApp - 处理完成:FFFA782BD1CB4489A73B590CA65D24DC
2019-11-26 07:28:01.331 [main] INFO 
				c.s.disney.transition.TransitionApp - clipbought数据转换成功，一共转换数据1条.
