2019-11-12 02:05:52.184 [main] INFO 
				c.s.disney.transition.CompareApp - photobought第1次执行比对,本次循环1条数据
2019-11-12 02:16:33.731 [main] INFO 
				c.s.disney.transition.CompareApp - photobought第1次执行比对,本次循环1条数据
2019-11-12 02:18:42.743 [main] INFO 
				c.s.disney.transition.CompareApp - photobought数据比对成功，一共比对数据1条.
2019-11-12 02:18:42.790 [main] INFO 
				c.s.disney.transition.CompareApp - photoprint第1次执比对,本次循环1条数据
2019-11-12 02:19:02.188 [main] INFO 
				c.s.disney.transition.CompareApp - photoprint数据比对成功，一共比对数据1条.
2019-11-12 02:19:35.743 [main] INFO 
				c.s.disney.transition.CompareApp - photobought第1次执行比对,本次循环1条数据
2019-11-12 02:19:35.837 [main] INFO 
				c.s.disney.transition.CompareApp - photobought数据比对成功，一共比对数据1条.
2019-11-12 02:19:35.879 [main] INFO 
				c.s.disney.transition.CompareApp - photoprint第1次执比对,本次循环1条数据
2019-11-12 02:19:35.967 [main] INFO 
				c.s.disney.transition.CompareApp - photoprint数据比对成功，一共比对数据1条.
2019-11-12 02:22:11.611 [main] INFO 
				c.s.disney.transition.CompareApp - photobought第1次执行比对,本次循环1条数据
2019-11-12 02:22:11.738 [main] INFO 
				c.s.disney.transition.CompareApp - data is error , objectId:AC8A71B2AD8C4F1DB67627ADAEC9DC4C
2019-11-12 02:22:11.739 [main] INFO 
				c.s.disney.transition.CompareApp - photobought数据比对成功，一共比对数据1条.
2019-11-12 02:22:11.780 [main] INFO 
				c.s.disney.transition.CompareApp - photoprint第1次执比对,本次循环1条数据
2019-11-12 02:22:11.867 [main] INFO 
				c.s.disney.transition.CompareApp - data is error , objectId:6E51791CBE4B4619A4A0CBB5B4691DD6
2019-11-12 02:22:11.868 [main] INFO 
				c.s.disney.transition.CompareApp - photoprint数据比对成功，一共比对数据1条.
2019-11-12 02:22:57.814 [main] INFO 
				c.s.disney.transition.CompareApp - photobought第1次执行比对,本次循环1条数据
2019-11-12 02:22:57.898 [main] INFO 
				c.s.disney.transition.CompareApp - data is error , objectId:AC8A71B2AD8C4F1DB67627ADAEC9DC4C
2019-11-12 02:22:57.898 [main] INFO 
				c.s.disney.transition.CompareApp - photobought数据比对成功，一共比对数据1条.
2019-11-12 02:22:57.935 [main] INFO 
				c.s.disney.transition.CompareApp - photoprint第1次执比对,本次循环1条数据
2019-11-12 02:22:58.007 [main] INFO 
				c.s.disney.transition.CompareApp - data is error , objectId:6E51791CBE4B4619A4A0CBB5B4691DD6
2019-11-12 02:22:58.008 [main] INFO 
				c.s.disney.transition.CompareApp - photoprint数据比对成功，一共比对数据1条.
2019-11-12 02:28:01.255 [main] INFO 
				c.s.disney.transition.CompareApp - photobought第1次执行比对,本次循环1条数据
2019-11-12 02:28:01.375 [main] INFO 
				c.s.disney.transition.CompareApp - 比对数据成功 orderitem 的 id:AC8A71B2AD8C4F1DB67627ADAEC9DC4C
2019-11-12 02:28:01.376 [main] INFO 
				c.s.disney.transition.CompareApp - photobought数据比对成功，一共比对数据1条.
2019-11-12 02:28:01.438 [main] INFO 
				c.s.disney.transition.CompareApp - photoprint第1次执比对,本次循环1条数据
2019-11-12 02:28:01.550 [main] INFO 
				c.s.disney.transition.CompareApp - 比对数据成功 orderitem 的 id:6E51791CBE4B4619A4A0CBB5B4691DD6
2019-11-12 02:28:01.551 [main] INFO 
				c.s.disney.transition.CompareApp - photoprint数据比对成功，一共比对数据1条.
2019-11-12 02:28:31.694 [main] INFO 
				c.s.disney.transition.CompareApp - photobought第1次执行比对,本次循环1条数据
2019-11-12 02:28:31.813 [main] INFO 
				c.s.disney.transition.CompareApp - data is error , objectId:AC8A71B2AD8C4F1DB67627ADAEC9DC4C
2019-11-12 02:28:31.814 [main] INFO 
				c.s.disney.transition.CompareApp - photobought数据比对成功，一共比对数据1条.
2019-11-12 02:28:31.853 [main] INFO 
				c.s.disney.transition.CompareApp - photoprint第1次执比对,本次循环1条数据
2019-11-12 02:28:31.934 [main] INFO 
				c.s.disney.transition.CompareApp - 比对数据成功 orderitem 的 id:6E51791CBE4B4619A4A0CBB5B4691DD6
2019-11-12 02:28:31.934 [main] INFO 
				c.s.disney.transition.CompareApp - photoprint数据比对成功，一共比对数据1条.
2019-11-12 02:30:03.463 [main] INFO 
				c.s.disney.transition.CompareApp - photobought第1次执行比对,本次循环1条数据
2019-11-12 02:30:03.586 [main] INFO 
				c.s.disney.transition.CompareApp - data is error , objectId:AC8A71B2AD8C4F1DB67627ADAEC9DC4C
2019-11-12 02:30:32.711 [main] INFO 
				c.s.disney.transition.CompareApp - photobought第1次执行比对,本次循环1条数据
2019-11-12 02:30:32.814 [main] INFO 
				c.s.disney.transition.CompareApp - 比对数据成功 orderitem 的 id:AC8A71B2AD8C4F1DB67627ADAEC9DC4C
2019-11-12 02:30:32.815 [main] INFO 
				c.s.disney.transition.CompareApp - photobought数据比对成功，一共比对数据1条.
2019-11-12 02:30:32.864 [main] INFO 
				c.s.disney.transition.CompareApp - photoprint第1次执比对,本次循环1条数据
2019-11-12 02:30:32.958 [main] INFO 
				c.s.disney.transition.CompareApp - 比对数据成功 orderitem 的 id:6E51791CBE4B4619A4A0CBB5B4691DD6
2019-11-12 02:30:32.958 [main] INFO 
				c.s.disney.transition.CompareApp - photoprint数据比对成功，一共比对数据1条.
